0 info it worked if it ends with ok
1 verbose cli [ '/usr/local/bin/node', '/usr/local/bin/npm', 'start' ]
2 info using npm@3.10.3
3 info using node@v6.7.0
4 verbose run-script [ 'prestart', 'start', 'poststart' ]
5 info lifecycle crowdsourceddj@1.0.0~prestart: crowdsourceddj@1.0.0
6 silly lifecycle crowdsourceddj@1.0.0~prestart: no script for prestart, continuing
7 info lifecycle crowdsourceddj@1.0.0~start: crowdsourceddj@1.0.0
8 verbose lifecycle crowdsourceddj@1.0.0~start: unsafe-perm in lifecycle true
9 verbose lifecycle crowdsourceddj@1.0.0~start: PATH: /usr/local/lib/node_modules/npm/bin/node-gyp-bin:/Users/killianjackson/Documents/Schoolwork/CS/cs130/node_modules/.bin:/usr/local/bin:/Users/killianjackson/.rvm/gems/ruby-2.3.0/bin:/Users/killianjackson/.rvm/gems/ruby-2.3.0@global/bin:/Users/killianjackson/.rvm/rubies/ruby-2.3.0/bin:/Users/killianjackson/anaconda/bin:/usr/local/mysql/bin:/usr/local/bin:/usr/bin:/bin:/usr/sbin:/sbin:/opt/X11/bin:/Users/killianjackson/.rvm/bin:/Users/killianjackson/.rvm/bin
10 verbose lifecycle crowdsourceddj@1.0.0~start: CWD: /Users/killianjackson/Documents/Schoolwork/CS/cs130
11 silly lifecycle crowdsourceddj@1.0.0~start: Args: [ '-c', 'webpack-dev-server --hot' ]
12 silly lifecycle crowdsourceddj@1.0.0~start: Returned: code: 1  signal: null
13 info lifecycle crowdsourceddj@1.0.0~start: Failed to exec start script
14 verbose stack Error: crowdsourceddj@1.0.0 start: `webpack-dev-server --hot`
14 verbose stack Exit status 1
14 verbose stack     at EventEmitter.<anonymous> (/usr/local/lib/node_modules/npm/lib/utils/lifecycle.js:242:16)
14 verbose stack     at emitTwo (events.js:106:13)
14 verbose stack     at EventEmitter.emit (events.js:191:7)
14 verbose stack     at ChildProcess.<anonymous> (/usr/local/lib/node_modules/npm/lib/utils/spawn.js:40:14)
14 verbose stack     at emitTwo (events.js:106:13)
14 verbose stack     at ChildProcess.emit (events.js:191:7)
14 verbose stack     at maybeClose (internal/child_process.js:877:16)
14 verbose stack     at Process.ChildProcess._handle.onexit (internal/child_process.js:226:5)
15 verbose pkgid crowdsourceddj@1.0.0
16 verbose cwd /Users/killianjackson/Documents/Schoolwork/CS/cs130
17 error Darwin 16.1.0
18 error argv "/usr/local/bin/node" "/usr/local/bin/npm" "start"
19 error node v6.7.0
20 error npm  v3.10.3
21 error code ELIFECYCLE
22 error crowdsourceddj@1.0.0 start: `webpack-dev-server --hot`
22 error Exit status 1
23 error Failed at the crowdsourceddj@1.0.0 start script 'webpack-dev-server --hot'.
23 error Make sure you have the latest version of node.js and npm installed.
23 error If you do, this is most likely a problem with the crowdsourceddj package,
23 error not with npm itself.
23 error Tell the author that this fails on your system:
23 error     webpack-dev-server --hot
23 error You can get information on how to open an issue for this project with:
23 error     npm bugs crowdsourceddj
23 error Or if that isn't available, you can get their info via:
23 error     npm owner ls crowdsourceddj
23 error There is likely additional logging output above.
24 verbose exit [ 1, true ]
